<?xml version="1.0" encoding="UTF-8"?>
<!-- Generated by org.testng.reporters.JUnitXMLReporter -->
<testsuite ignored="0" hostname="vidvis" failures="1" tests="12" name="firefoxTest" time="80.478" errors="0" timestamp="2026-03-12T01:09:41 EDT">
  <testcase classname="testCases.TC01_LaunchApplication" name="testLaunchApplication" time="0.021"/>
  <testcase classname="testCases.TC03_AddToCart" name="testAddToCart" time="6.163"/>
  <testcase classname="testCases.TC05_AddToWishList" name="testAddToWishList" time="3.295"/>
  <testcase classname="testCases.TC06_AddAffiliate" name="testAddAffiliate" time="3.311"/>
  <testcase classname="testCases.TC02_Login" name="testLogin" time="2.912"/>
  <testcase classname="testCases.TC02_Login" name="testLogin" time="1.163"/>
  <testcase classname="testCases.TC02_Login" name="testLogin" time="1.014"/>
  <testcase classname="testCases.TC02_Login" name="testLogin" time="1.23"/>
  <testcase classname="testCases.TC02_Login" name="testLogin" time="2.866"/>
  <testcase classname="testCases.TC04_CompletePurchase" name="testCompletePurchase" time="6.288">
    <skipped/>
  </testcase> <!-- testCompletePurchase -->
  <testcase classname="testCases.TC04_CompletePurchase" name="testCompletePurchase" time="2.125">
    <skipped/>
  </testcase> <!-- testCompletePurchase -->
  <testcase classname="testCases.TC04_CompletePurchase" name="testCompletePurchase" time="1.974">
    <failure type="org.openqa.selenium.ElementNotInteractableException" message="Element &amp;lt;a href=&amp;quot;https://www.cloudberrystore.services/index.php?route=product/product&amp;amp;language=en-gb&amp;amp;product_id=47&amp;quot;&amp;gt; could not be scrolled into view
Build info: version: &amp;apos;4.38.0&amp;apos;, revision: &amp;apos;6b412e825c*&amp;apos;
System info: os.name: &amp;apos;Windows 11&amp;apos;, os.arch: &amp;apos;amd64&amp;apos;, os.version: &amp;apos;10.0&amp;apos;, java.version: &amp;apos;18.0.2.1&amp;apos;
Driver info: org.openqa.selenium.remote.RemoteWebDriver
Command: [bb5de20c-7848-4de6-99da-b1badaab939f, clickElement {id=747b637b-2505-4116-a7ce-da8c3cbeafa1}]
Capabilities {acceptInsecureCerts: true, browserName: firefox, browserVersion: 148.0.2, moz:accessibilityChecks: false, moz:buildID: 20260309125808, moz:firefoxOptions: {binary: C:\Users\sunda\.cache\selen..., prefs: {remote.active-protocols: 1}}, moz:geckodriverVersion: 0.36.0, moz:headless: false, moz:platformVersion: 10.0, moz:processID: 21812, moz:profile: C:\Users\sunda\AppData\Loca..., moz:shutdownTimeout: 60000, moz:webdriverClick: true, moz:windowless: false, pageLoadStrategy: normal, platformName: Windows 11, proxy: Proxy(), se:bidiEnabled: false, se:cdpEnabled: false, setWindowRect: true, strictFileInteractability: false, timeouts: {implicit: 0, pageLoad: 300000, script: 30000}, unhandledPromptBehavior: dismiss and notify, userAgent: Mozilla/5.0 (Windows NT 10....}
Element: [[RemoteWebDriver: firefox on Windows 11 (bb5de20c-7848-4de6-99da-b1badaab939f)] -&amp;gt; xpath: //a[normalize-space()=&amp;apos;HP LP3065&amp;apos;]]
Session ID: bb5de20c-7848-4de6-99da-b1badaab939f">
      <![CDATA[org.openqa.selenium.ElementNotInteractableException: Element <a href="https://www.cloudberrystore.services/index.php?route=product/product&language=en-gb&product_id=47"> could not be scrolled into view
Build info: version: '4.38.0', revision: '6b412e825c*'
System info: os.name: 'Windows 11', os.arch: 'amd64', os.version: '10.0', java.version: '18.0.2.1'
Driver info: org.openqa.selenium.remote.RemoteWebDriver
Command: [bb5de20c-7848-4de6-99da-b1badaab939f, clickElement {id=747b637b-2505-4116-a7ce-da8c3cbeafa1}]
Capabilities {acceptInsecureCerts: true, browserName: firefox, browserVersion: 148.0.2, moz:accessibilityChecks: false, moz:buildID: 20260309125808, moz:firefoxOptions: {binary: C:\Users\sunda\.cache\selen..., prefs: {remote.active-protocols: 1}}, moz:geckodriverVersion: 0.36.0, moz:headless: false, moz:platformVersion: 10.0, moz:processID: 21812, moz:profile: C:\Users\sunda\AppData\Loca..., moz:shutdownTimeout: 60000, moz:webdriverClick: true, moz:windowless: false, pageLoadStrategy: normal, platformName: Windows 11, proxy: Proxy(), se:bidiEnabled: false, se:cdpEnabled: false, setWindowRect: true, strictFileInteractability: false, timeouts: {implicit: 0, pageLoad: 300000, script: 30000}, unhandledPromptBehavior: dismiss and notify, userAgent: Mozilla/5.0 (Windows NT 10....}
Element: [[RemoteWebDriver: firefox on Windows 11 (bb5de20c-7848-4de6-99da-b1badaab939f)] -> xpath: //a[normalize-space()='HP LP3065']]
Session ID: bb5de20c-7848-4de6-99da-b1badaab939f
at org.openqa.selenium.remote.ErrorCodec.decode(ErrorCodec.java:167)
at org.openqa.selenium.remote.codec.w3c.W3CHttpResponseCodec.decode(W3CHttpResponseCodec.java:138)
at org.openqa.selenium.remote.codec.w3c.W3CHttpResponseCodec.decode(W3CHttpResponseCodec.java:50)
at org.openqa.selenium.remote.HttpCommandExecutor.execute(HttpCommandExecutor.java:215)
at org.openqa.selenium.remote.TracedCommandExecutor.execute(TracedCommandExecutor.java:53)
at org.openqa.selenium.remote.RemoteWebDriver.execute(RemoteWebDriver.java:557)
at org.openqa.selenium.remote.RemoteWebElement.execute(RemoteWebElement.java:223)
at org.openqa.selenium.remote.RemoteWebElement.click(RemoteWebElement.java:76)
at org.openqa.selenium.support.pagefactory.internal.LocatingElementHandler.invoke(LocatingElementHandler.java:51)
at jdk.proxy2/jdk.proxy2.$Proxy31.click(Unknown Source)
at pageObjects.CategoryPage.selectHPProduct(CategoryPage.java:48)
at testCases.TC04_CompletePurchase.testCompletePurchase(TC04_CompletePurchase.java:36)
at java.base/java.util.ArrayList.forEach(ArrayList.java:1511)
at java.base/java.util.concurrent.FutureTask.run(FutureTask.java:264)
at java.base/java.util.concurrent.ThreadPoolExecutor.runWorker(ThreadPoolExecutor.java:1136)
at java.base/java.util.concurrent.ThreadPoolExecutor$Worker.run(ThreadPoolExecutor.java:635)
at java.base/java.lang.Thread.run(Thread.java:833)
... Removed 20 stack frames]]>
    </failure>
  </testcase> <!-- testCompletePurchase -->
</testsuite> <!-- firefoxTest -->
