<?xml version="1.0" encoding="UTF-8"?>
<!-- Generated by org.testng.reporters.JUnitXMLReporter -->
<testsuite ignored="0" hostname="vidvis" failures="0" tests="11" name="firefoxTest" time="115.641" errors="0" timestamp="2026-03-12T03:08:42 EDT">
  <testcase classname="testCases.TC01_LaunchApplication" name="testLaunchApplication" time="0.01"/>
  <testcase classname="testCases.TC03_AddToCart" name="testAddToCart" time="3.658"/>
  <testcase classname="testCases.TC05_AddToWishList" name="testAddToWishList" time="5.296"/>
  <testcase classname="testCases.TC06_AddAffiliate" name="testAddAffiliate" time="17.09">
    <skipped/>
  </testcase> <!-- testAddAffiliate -->
  <testcase classname="testCases.TC06_AddAffiliate" name="testAddAffiliate" time="3.401"/>
  <testcase classname="testCases.TC02_Login" name="testLogin" time="1.275"/>
  <testcase classname="testCases.TC02_Login" name="testLogin" time="3.297"/>
  <testcase classname="testCases.TC02_Login" name="testLogin" time="6.655"/>
  <testcase classname="testCases.TC02_Login" name="testLogin" time="1.202"/>
  <testcase classname="testCases.TC02_Login" name="testLogin" time="1.444"/>
  <testcase classname="testCases.TC04_CompletePurchase" name="testCompletePurchase" time="11.001"/>
</testsuite> <!-- firefoxTest -->
