<?xml version="1.0" encoding="UTF-8"?>
<!-- Generated by org.testng.reporters.JUnitReportReporter -->
<testsuite hostname="vidvis" failures="0" tests="15" name="testCases.TC02_Login" time="24.231" errors="0" timestamp="2026-03-12T01:10:36 EDT" skipped="0">
  <testcase classname="testCases.TC02_Login" name="testLogin" time="1.222"/>
  <testcase classname="testCases.TC02_Login" name="testLogin" time="1.442"/>
  <testcase classname="testCases.TC02_Login" name="testLogin" time="1.720"/>
  <testcase classname="testCases.TC02_Login" name="testLogin" time="1.230"/>
  <testcase classname="testCases.TC02_Login" name="testLogin" time="1.014"/>
  <testcase classname="testCases.TC02_Login" name="testLogin" time="1.213"/>
  <testcase classname="testCases.TC02_Login" name="testLogin" time="1.443"/>
  <testcase classname="testCases.TC02_Login" name="testLogin" time="2.436"/>
  <testcase classname="testCases.TC02_Login" name="testLogin" time="1.558"/>
  <testcase classname="testCases.TC02_Login" name="testLogin" time="1.256"/>
  <testcase classname="testCases.TC02_Login" name="testLogin" time="1.368"/>
  <testcase classname="testCases.TC02_Login" name="testLogin" time="1.163"/>
  <testcase classname="testCases.TC02_Login" name="testLogin" time="2.912"/>
  <testcase classname="testCases.TC02_Login" name="testLogin" time="2.866"/>
  <testcase classname="testCases.TC02_Login" name="testLogin" time="1.388"/>
</testsuite> <!-- testCases.TC02_Login -->
