<?xml version="1.0" encoding="UTF-8"?>
<!-- Generated by org.testng.reporters.JUnitReportReporter -->
<testsuite hostname="vidvis" failures="0" tests="3" name="testCases.TC06_AddAffiliate" time="11.131" errors="0" timestamp="2026-03-12T01:10:36 EDT" skipped="0">
  <testcase classname="testCases.TC06_AddAffiliate" name="testAddAffiliate" time="3.950"/>
  <testcase classname="testCases.TC06_AddAffiliate" name="testAddAffiliate" time="3.870"/>
  <testcase classname="testCases.TC06_AddAffiliate" name="testAddAffiliate" time="3.311"/>
</testsuite> <!-- testCases.TC06_AddAffiliate -->
