<?xml version="1.0" encoding="UTF-8"?>
<!-- Generated by org.testng.reporters.JUnitReportReporter -->
<testsuite hostname="vidvis" failures="0" tests="3" name="testCases.TC01_LaunchApplication" time="0.145" errors="0" timestamp="2026-03-12T01:10:36 EDT" skipped="0">
  <testcase classname="testCases.TC01_LaunchApplication" name="testLaunchApplication" time="0.021"/>
  <testcase classname="testCases.TC01_LaunchApplication" name="testLaunchApplication" time="0.028"/>
  <testcase classname="testCases.TC01_LaunchApplication" name="testLaunchApplication" time="0.096"/>
</testsuite> <!-- testCases.TC01_LaunchApplication -->
