<?xml version="1.0" encoding="UTF-8"?>
<!-- Generated by org.testng.reporters.JUnitReportReporter -->
<testsuite hostname="vidvis" failures="0" tests="15" name="testCases.TC02_Login" time="31.340" errors="0" timestamp="2026-03-12T03:09:43 EDT" skipped="0">
  <testcase classname="testCases.TC02_Login" name="testLogin" time="1.275"/>
  <testcase classname="testCases.TC02_Login" name="testLogin" time="1.964"/>
  <testcase classname="testCases.TC02_Login" name="testLogin" time="6.655"/>
  <testcase classname="testCases.TC02_Login" name="testLogin" time="1.202"/>
  <testcase classname="testCases.TC02_Login" name="testLogin" time="1.809"/>
  <testcase classname="testCases.TC02_Login" name="testLogin" time="1.549"/>
  <testcase classname="testCases.TC02_Login" name="testLogin" time="1.694"/>
  <testcase classname="testCases.TC02_Login" name="testLogin" time="1.686"/>
  <testcase classname="testCases.TC02_Login" name="testLogin" time="1.412"/>
  <testcase classname="testCases.TC02_Login" name="testLogin" time="3.297"/>
  <testcase classname="testCases.TC02_Login" name="testLogin" time="1.444"/>
  <testcase classname="testCases.TC02_Login" name="testLogin" time="2.619"/>
  <testcase classname="testCases.TC02_Login" name="testLogin" time="1.438"/>
  <testcase classname="testCases.TC02_Login" name="testLogin" time="1.650"/>
  <testcase classname="testCases.TC02_Login" name="testLogin" time="1.646"/>
</testsuite> <!-- testCases.TC02_Login -->
